
lab1_code.elf:     file format elf32-avr

Sections:
Idx Name          Size      VMA       LMA       File off  Algn
  0 .data         00000000  00800100  000001a2  00000236  2**0
                  CONTENTS, ALLOC, LOAD, DATA
  1 .text         000001a2  00000000  00000000  00000094  2**1
                  CONTENTS, ALLOC, LOAD, READONLY, CODE
  2 .bss          00000002  00800100  00800100  00000236  2**0
                  ALLOC
  3 .stab         000005f4  00000000  00000000  00000238  2**2
                  CONTENTS, READONLY, DEBUGGING
  4 .stabstr      00000bf8  00000000  00000000  0000082c  2**0
                  CONTENTS, READONLY, DEBUGGING
  5 .comment      00000011  00000000  00000000  00001424  2**0
                  CONTENTS, READONLY
  6 .note.gnu.avr.deviceinfo 0000003c  00000000  00000000  00001438  2**2
                  CONTENTS, READONLY

Disassembly of section .text:

00000000 <__vectors>:
   0:	0c 94 46 00 	jmp	0x8c	; 0x8c <__ctors_end>
   4:	0c 94 58 00 	jmp	0xb0	; 0xb0 <__bad_interrupt>
   8:	0c 94 58 00 	jmp	0xb0	; 0xb0 <__bad_interrupt>
   c:	0c 94 58 00 	jmp	0xb0	; 0xb0 <__bad_interrupt>
  10:	0c 94 58 00 	jmp	0xb0	; 0xb0 <__bad_interrupt>
  14:	0c 94 58 00 	jmp	0xb0	; 0xb0 <__bad_interrupt>
  18:	0c 94 58 00 	jmp	0xb0	; 0xb0 <__bad_interrupt>
  1c:	0c 94 58 00 	jmp	0xb0	; 0xb0 <__bad_interrupt>
  20:	0c 94 58 00 	jmp	0xb0	; 0xb0 <__bad_interrupt>
  24:	0c 94 58 00 	jmp	0xb0	; 0xb0 <__bad_interrupt>
  28:	0c 94 58 00 	jmp	0xb0	; 0xb0 <__bad_interrupt>
  2c:	0c 94 58 00 	jmp	0xb0	; 0xb0 <__bad_interrupt>
  30:	0c 94 58 00 	jmp	0xb0	; 0xb0 <__bad_interrupt>
  34:	0c 94 58 00 	jmp	0xb0	; 0xb0 <__bad_interrupt>
  38:	0c 94 58 00 	jmp	0xb0	; 0xb0 <__bad_interrupt>
  3c:	0c 94 58 00 	jmp	0xb0	; 0xb0 <__bad_interrupt>
  40:	0c 94 58 00 	jmp	0xb0	; 0xb0 <__bad_interrupt>
  44:	0c 94 58 00 	jmp	0xb0	; 0xb0 <__bad_interrupt>
  48:	0c 94 58 00 	jmp	0xb0	; 0xb0 <__bad_interrupt>
  4c:	0c 94 58 00 	jmp	0xb0	; 0xb0 <__bad_interrupt>
  50:	0c 94 58 00 	jmp	0xb0	; 0xb0 <__bad_interrupt>
  54:	0c 94 58 00 	jmp	0xb0	; 0xb0 <__bad_interrupt>
  58:	0c 94 58 00 	jmp	0xb0	; 0xb0 <__bad_interrupt>
  5c:	0c 94 58 00 	jmp	0xb0	; 0xb0 <__bad_interrupt>
  60:	0c 94 58 00 	jmp	0xb0	; 0xb0 <__bad_interrupt>
  64:	0c 94 58 00 	jmp	0xb0	; 0xb0 <__bad_interrupt>
  68:	0c 94 58 00 	jmp	0xb0	; 0xb0 <__bad_interrupt>
  6c:	0c 94 58 00 	jmp	0xb0	; 0xb0 <__bad_interrupt>
  70:	0c 94 58 00 	jmp	0xb0	; 0xb0 <__bad_interrupt>
  74:	0c 94 58 00 	jmp	0xb0	; 0xb0 <__bad_interrupt>
  78:	0c 94 58 00 	jmp	0xb0	; 0xb0 <__bad_interrupt>
  7c:	0c 94 58 00 	jmp	0xb0	; 0xb0 <__bad_interrupt>
  80:	0c 94 58 00 	jmp	0xb0	; 0xb0 <__bad_interrupt>
  84:	0c 94 58 00 	jmp	0xb0	; 0xb0 <__bad_interrupt>
  88:	0c 94 58 00 	jmp	0xb0	; 0xb0 <__bad_interrupt>

0000008c <__ctors_end>:
  8c:	11 24       	eor	r1, r1
  8e:	1f be       	out	0x3f, r1	; 63
  90:	cf ef       	ldi	r28, 0xFF	; 255
  92:	d0 e1       	ldi	r29, 0x10	; 16
  94:	de bf       	out	0x3e, r29	; 62
  96:	cd bf       	out	0x3d, r28	; 61

00000098 <__do_clear_bss>:
  98:	21 e0       	ldi	r18, 0x01	; 1
  9a:	a0 e0       	ldi	r26, 0x00	; 0
  9c:	b1 e0       	ldi	r27, 0x01	; 1
  9e:	01 c0       	rjmp	.+2      	; 0xa2 <.do_clear_bss_start>

000000a0 <.do_clear_bss_loop>:
  a0:	1d 92       	st	X+, r1

000000a2 <.do_clear_bss_start>:
  a2:	a2 30       	cpi	r26, 0x02	; 2
  a4:	b2 07       	cpc	r27, r18
  a6:	e1 f7       	brne	.-8      	; 0xa0 <.do_clear_bss_loop>
  a8:	0e 94 71 00 	call	0xe2	; 0xe2 <main>
  ac:	0c 94 cf 00 	jmp	0x19e	; 0x19e <_exit>

000000b0 <__bad_interrupt>:
  b0:	0c 94 00 00 	jmp	0	; 0x0 <__vectors>

000000b4 <debounce_switch>:
// function can be implemented at the same time.  Expects active low pushbutton on 
// Port D bit zero.  Debounce time is determined by external loop delay times 12. 
//*******************************************************************************
int8_t debounce_switch() {
  static uint16_t state = 0; //holds present state
  state = (state << 1) | (! bit_is_clear(PIND, 0)) | 0xE000;
  b4:	40 b3       	in	r20, 0x10	; 16
  b6:	20 91 00 01 	lds	r18, 0x0100
  ba:	30 91 01 01 	lds	r19, 0x0101
  be:	22 0f       	add	r18, r18
  c0:	33 1f       	adc	r19, r19
  c2:	30 6e       	ori	r19, 0xE0	; 224
  c4:	84 2f       	mov	r24, r20
  c6:	81 70       	andi	r24, 0x01	; 1
  c8:	90 e0       	ldi	r25, 0x00	; 0
  ca:	28 2b       	or	r18, r24
  cc:	39 2b       	or	r19, r25
  ce:	30 93 01 01 	sts	0x0101, r19
  d2:	20 93 00 01 	sts	0x0100, r18
  if (state == 0xF000) return 1;
  d6:	81 e0       	ldi	r24, 0x01	; 1
  d8:	21 15       	cp	r18, r1
  da:	30 4f       	sbci	r19, 0xF0	; 240
  dc:	09 f0       	breq	.+2      	; 0xe0 <debounce_switch+0x2c>
  de:	80 e0       	ldi	r24, 0x00	; 0
  return 0;
}
  e0:	08 95       	ret

000000e2 <main>:
// Check switch S0.  When found low for 12 passes of "debounce_switch(), increment
// PORTB.  This will make an incrementing count on the port B LEDS. 
//*******************************************************************************
int main()
{
DDRB = 0xFF;  //set port B to all outputs - Data Direction Register Port B
  e2:	8f ef       	ldi	r24, 0xFF	; 255
  e4:	87 bb       	out	0x17, r24	; 23
int pressCnt = 0;
  e6:	c0 e0       	ldi	r28, 0x00	; 0
  e8:	d0 e0       	ldi	r29, 0x00	; 0
	//PORTB = PORTB | (pressCnt%10); //Put the Units in the LSB LEDs
	if(pressCnt > 99){
		pressCnt = 0; //If the count reaches 99 set the back to 0
		PORTB = 0x00;
	}else{
		PORTB = (pressCnt/10 << 4) | (pressCnt%10);
  ea:	0a e0       	ldi	r16, 0x0A	; 10
  ec:	10 e0       	ldi	r17, 0x00	; 0
  ee:	06 c0       	rjmp	.+12     	; 0xfc <main+0x1a>
	#else
		//round up by default
		__ticks_dc = (uint32_t)(ceil(fabs(__tmp)));
	#endif

	__builtin_avr_delay_cycles(__ticks_dc);
  f0:	83 ef       	ldi	r24, 0xF3	; 243
  f2:	91 e0       	ldi	r25, 0x01	; 1
  f4:	01 97       	sbiw	r24, 0x01	; 1
  f6:	f1 f7       	brne	.-4      	; 0xf4 <main+0x12>
  f8:	00 c0       	rjmp	.+0      	; 0xfa <main+0x18>
  fa:	00 00       	nop
// function can be implemented at the same time.  Expects active low pushbutton on 
// Port D bit zero.  Debounce time is determined by external loop delay times 12. 
//*******************************************************************************
int8_t debounce_switch() {
  static uint16_t state = 0; //holds present state
  state = (state << 1) | (! bit_is_clear(PIND, 0)) | 0xE000;
  fc:	90 b3       	in	r25, 0x10	; 16
  fe:	20 91 00 01 	lds	r18, 0x0100
 102:	30 91 01 01 	lds	r19, 0x0101
 106:	22 0f       	add	r18, r18
 108:	33 1f       	adc	r19, r19
 10a:	30 6e       	ori	r19, 0xE0	; 224
 10c:	e9 2f       	mov	r30, r25
 10e:	e1 70       	andi	r30, 0x01	; 1
 110:	f0 e0       	ldi	r31, 0x00	; 0
 112:	2e 2b       	or	r18, r30
 114:	3f 2b       	or	r19, r31
 116:	30 93 01 01 	sts	0x0101, r19
 11a:	20 93 00 01 	sts	0x0100, r18
  if (state == 0xF000) return 1;
 11e:	21 15       	cp	r18, r1
 120:	30 4f       	sbci	r19, 0xF0	; 240
 122:	31 f7       	brne	.-52     	; 0xf0 <main+0xe>
DDRB = 0xFF;  //set port B to all outputs - Data Direction Register Port B
int pressCnt = 0;
while(1){     //do forever
 if(debounce_switch()){
	//Steps - increment cnt
	pressCnt++; 
 124:	21 96       	adiw	r28, 0x01	; 1
	//PORTB = (pressCnt/10 << 4); //Put the ten's BCD in the MSB LEDs
	//PORTB = PORTB | (pressCnt%10); //Put the Units in the LSB LEDs
	if(pressCnt > 99){
 126:	c4 36       	cpi	r28, 0x64	; 100
 128:	d1 05       	cpc	r29, r1
 12a:	24 f0       	brlt	.+8      	; 0x134 <main+0x52>
		pressCnt = 0; //If the count reaches 99 set the back to 0
		PORTB = 0x00;
 12c:	18 ba       	out	0x18, r1	; 24
	//Steps - increment cnt
	pressCnt++; 
	//PORTB = (pressCnt/10 << 4); //Put the ten's BCD in the MSB LEDs
	//PORTB = PORTB | (pressCnt%10); //Put the Units in the LSB LEDs
	if(pressCnt > 99){
		pressCnt = 0; //If the count reaches 99 set the back to 0
 12e:	c0 e0       	ldi	r28, 0x00	; 0
 130:	d0 e0       	ldi	r29, 0x00	; 0
 132:	de cf       	rjmp	.-68     	; 0xf0 <main+0xe>
		PORTB = 0x00;
	}else{
		PORTB = (pressCnt/10 << 4) | (pressCnt%10);
 134:	ce 01       	movw	r24, r28
 136:	b8 01       	movw	r22, r16
 138:	0e 94 a7 00 	call	0x14e	; 0x14e <__divmodhi4>
 13c:	62 95       	swap	r22
 13e:	72 95       	swap	r23
 140:	70 7f       	andi	r23, 0xF0	; 240
 142:	76 27       	eor	r23, r22
 144:	60 7f       	andi	r22, 0xF0	; 240
 146:	76 27       	eor	r23, r22
 148:	86 2b       	or	r24, r22
 14a:	88 bb       	out	0x18, r24	; 24
 14c:	d1 cf       	rjmp	.-94     	; 0xf0 <main+0xe>

0000014e <__divmodhi4>:
 14e:	97 fb       	bst	r25, 7
 150:	07 2e       	mov	r0, r23
 152:	16 f4       	brtc	.+4      	; 0x158 <__divmodhi4+0xa>
 154:	00 94       	com	r0
 156:	07 d0       	rcall	.+14     	; 0x166 <__divmodhi4_neg1>
 158:	77 fd       	sbrc	r23, 7
 15a:	09 d0       	rcall	.+18     	; 0x16e <__divmodhi4_neg2>
 15c:	0e 94 bb 00 	call	0x176	; 0x176 <__udivmodhi4>
 160:	07 fc       	sbrc	r0, 7
 162:	05 d0       	rcall	.+10     	; 0x16e <__divmodhi4_neg2>
 164:	3e f4       	brtc	.+14     	; 0x174 <__divmodhi4_exit>

00000166 <__divmodhi4_neg1>:
 166:	90 95       	com	r25
 168:	81 95       	neg	r24
 16a:	9f 4f       	sbci	r25, 0xFF	; 255
 16c:	08 95       	ret

0000016e <__divmodhi4_neg2>:
 16e:	70 95       	com	r23
 170:	61 95       	neg	r22
 172:	7f 4f       	sbci	r23, 0xFF	; 255

00000174 <__divmodhi4_exit>:
 174:	08 95       	ret

00000176 <__udivmodhi4>:
 176:	aa 1b       	sub	r26, r26
 178:	bb 1b       	sub	r27, r27
 17a:	51 e1       	ldi	r21, 0x11	; 17
 17c:	07 c0       	rjmp	.+14     	; 0x18c <__udivmodhi4_ep>

0000017e <__udivmodhi4_loop>:
 17e:	aa 1f       	adc	r26, r26
 180:	bb 1f       	adc	r27, r27
 182:	a6 17       	cp	r26, r22
 184:	b7 07       	cpc	r27, r23
 186:	10 f0       	brcs	.+4      	; 0x18c <__udivmodhi4_ep>
 188:	a6 1b       	sub	r26, r22
 18a:	b7 0b       	sbc	r27, r23

0000018c <__udivmodhi4_ep>:
 18c:	88 1f       	adc	r24, r24
 18e:	99 1f       	adc	r25, r25
 190:	5a 95       	dec	r21
 192:	a9 f7       	brne	.-22     	; 0x17e <__udivmodhi4_loop>
 194:	80 95       	com	r24
 196:	90 95       	com	r25
 198:	bc 01       	movw	r22, r24
 19a:	cd 01       	movw	r24, r26
 19c:	08 95       	ret

0000019e <_exit>:
 19e:	f8 94       	cli

000001a0 <__stop_program>:
 1a0:	ff cf       	rjmp	.-2      	; 0x1a0 <__stop_program>
